<?xml version="1.0" encoding="UTF-8"?>
<testsuite name="DequeTest" tests="1" skipped="0" failures="0" errors="0" timestamp="2020-03-17T05:01:50" hostname="godmaster" time="0.026">
  <properties/>
  <testcase name="dequeCollection()" classname="DequeTest" time="0.026"/>
  <system-out><![CDATA[]]></system-out>
  <system-err><![CDATA[]]></system-err>
</testsuite>
